<?xml version="1.0" encoding="UTF-8"?>
<!-- Generated by org.testng.reporters.JUnitXMLReporter -->
<testsuite ignored="0" hostname="DESKTOP-7DKENU5" failures="1" tests="4" name="CrossBrowserTest" time="5.626" errors="0" timestamp="2021-12-14T22:59:20 EST">
  <testcase classname="parameter.CrossBrowserTesting" name="launchUrl" time="5.549"/>
  <testcase classname="parameter.CrossBrowserTesting" name="verifyTitle" time="0.015">
    <failure type="java.lang.AssertionError" message="expected [https://google.com] but found [Google]">
      <![CDATA[java.lang.AssertionError: expected [https://google.com] but found [Google]
at parameter.CrossBrowserTesting.verifyTitle(CrossBrowserTesting.java:50)
at java.base/java.util.ArrayList.forEach(ArrayList.java:1511)
... Removed 33 stack frames]]>
    </failure>
  </testcase> <!-- verifyTitle -->
  <testcase classname="parameter.CrossBrowserTesting" name="login" time="0.002"/>
  <testcase classname="parameter.CrossBrowserTesting" name="logout" time="0.002"/>
</testsuite> <!-- CrossBrowserTest -->
