<?xml version="1.0" encoding="UTF-8"?>
<!-- Generated by org.testng.reporters.JUnitXMLReporter -->
<testsuite ignored="0" hostname="DESKTOP-7DKENU5" failures="1" tests="3" name="ListenersTest" time="0.086" errors="0" timestamp="2021-12-15T13:30:36 EST">
  <testcase classname="TestNgListeners.LoginTest" name="setup" time="0.013">
    <failure type="java.lang.AssertionError" message="expected [true] but found [false]">
      <![CDATA[java.lang.AssertionError: expected [true] but found [false]
at TestNgListeners.LoginTest.setup(LoginTest.java:11)
at java.base/java.util.ArrayList.forEach(ArrayList.java:1511)
... Removed 31 stack frames]]>
    </failure>
  </testcase> <!-- setup -->
  <testcase classname="TestNgListeners.LoginTest" name="loginbyemail" time="0.003"/>
  <testcase classname="TestNgListeners.LoginTest" name="loginbyfacebook" time="0.0">
    <skipped/>
  </testcase> <!-- loginbyfacebook -->
</testsuite> <!-- ListenersTest -->
