<?xml version="1.0" encoding="UTF-8"?>
<testng-results ignored="0" total="1" passed="1" failed="0" skipped="0">
  <reporter-output>
  </reporter-output>
  <suite started-at="2021-12-15T16:58:02 EST" name="Default suite" finished-at="2021-12-15T16:58:21 EST" duration-ms="19190">
    <groups>
    </groups>
    <test started-at="2021-12-15T16:58:02 EST" name="Default test" finished-at="2021-12-15T16:58:21 EST" duration-ms="19190">
      <class name="reporting.LoginTest">
        <test-method is-config="true" signature="launchBrowser()[pri:0, instance:reporting.LoginTest@2805d709]" started-at="2021-12-15T16:58:02 EST" name="launchBrowser" finished-at="2021-12-15T16:58:05 EST" duration-ms="3035" status="PASS">
          <reporter-output>
          </reporter-output>
        </test-method> <!-- launchBrowser -->
        <test-method signature="Login()[pri:0, instance:reporting.LoginTest@2805d709]" started-at="2021-12-15T16:58:05 EST" name="Login" finished-at="2021-12-15T16:58:17 EST" duration-ms="11949" status="PASS">
          <reporter-output>
          </reporter-output>
        </test-method> <!-- Login -->
        <test-method is-config="true" signature="captureScreen(org.testng.ITestResult)[pri:0, instance:reporting.LoginTest@2805d709]" started-at="2021-12-15T16:58:17 EST" name="captureScreen" finished-at="2021-12-15T16:58:17 EST" duration-ms="4" status="PASS">
          <params>
            <param index="0">
              <value>
                <![CDATA[[TestResult name=Login status=SUCCESS method=LoginTest.Login()[pri:0, instance:reporting.LoginTest@2805d709] output={null}]]]>
              </value>
            </param>
          </params>
          <reporter-output>
          </reporter-output>
        </test-method> <!-- captureScreen -->
        <test-method is-config="true" signature="CloseBrowser()[pri:0, instance:reporting.LoginTest@2805d709]" started-at="2021-12-15T16:58:17 EST" name="CloseBrowser" finished-at="2021-12-15T16:58:21 EST" duration-ms="4171" status="PASS">
          <reporter-output>
          </reporter-output>
        </test-method> <!-- CloseBrowser -->
      </class> <!-- reporting.LoginTest -->
    </test> <!-- Default test -->
  </suite> <!-- Default suite -->
</testng-results>
